============================= test session starts ==============================
platform linux -- Python 3.12.3, pytest-9.1.1, pluggy-1.6.0 -- /usr/bin/python3
cachedir: .pytest_cache
rootdir: /home/claude/py-url-shortener
configfile: pytest.ini
testpaths: tests
plugins: mock-3.15.1, cov-7.1.0
collecting ... collected 26 items

tests/test_api.py::test_api_health_returns_ok PASSED                     [  3%]
tests/test_api.py::test_api_shorten_valid_url PASSED                     [  7%]
tests/test_api.py::test_api_shorten_dead_url PASSED                      [ 11%]
tests/test_api.py::test_api_shorten_missing_long_url_field PASSED        [ 15%]
tests/test_api.py::test_api_shorten_unsupported_version PASSED           [ 19%]
tests/test_api.py::test_api_shorten_requires_post_method PASSED          [ 23%]
tests/test_models.py::test_create_url_model PASSED                       [ 26%]
tests/test_models.py::test_url_model_repr PASSED                         [ 30%]
tests/test_models.py::test_short_url_is_unique PASSED                    [ 34%]
tests/test_utils.py::test_random_string_generator_length PASSED          [ 38%]
tests/test_utils.py::test_random_string_generator_is_random PASSED       [ 42%]
tests/test_utils.py::test_url_checker_alive PASSED                       [ 46%]
tests/test_utils.py::test_url_checker_dead_status_code PASSED            [ 50%]
tests/test_utils.py::test_url_checker_connection_error PASSED            [ 53%]
tests/test_utils.py::test_url_checker_timeout PASSED                     [ 57%]
tests/test_utils.py::test_short_url_generator_creates_new PASSED         [ 61%]
tests/test_utils.py::test_short_url_generator_reuses_existing PASSED     [ 65%]
tests/test_utils.py::test_number_of_generated_short_url PASSED           [ 69%]
tests/test_views.py::test_home_get_returns_200 PASSED                    [ 73%]
tests/test_views.py::test_home_post_valid_alive_url PASSED               [ 76%]
tests/test_views.py::test_home_post_dead_url_shows_message PASSED        [ 80%]
tests/test_views.py::test_home_post_invalid_url_format PASSED            [ 84%]
tests/test_views.py::test_home_post_empty_url PASSED                     [ 88%]
tests/test_views.py::test_redirect_existing_short_url PASSED             [ 92%]
tests/test_views.py::test_redirect_nonexistent_short_url_returns_404 PASSED [ 96%]
tests/test_views.py::test_custom_404_page_content PASSED                 [100%]

=============================== warnings summary ===============================
../../../usr/local/lib/python3.12/dist-packages/requests/__init__.py:113
  /usr/local/lib/python3.12/dist-packages/requests/__init__.py:113: RequestsDependencyWarning: urllib3 (2.6.3) or chardet (7.4.0.post2)/charset_normalizer (3.4.6) doesn't match a supported version!
    warnings.warn(

-- Docs: https://docs.pytest.org/en/stable/how-to/capture-warnings.html
================================ tests coverage ================================
_______________ coverage: platform linux, python 3.12.3-final-0 ________________

Name                              Stmts   Miss  Cover   Missing
---------------------------------------------------------------
app/__init__.py                      15      1    93%   29
app/blueprints/__init__.py            0      0   100%
app/blueprints/api/__init__.py        3      0   100%
app/blueprints/api/routes.py         22      0   100%
app/blueprints/main/__init__.py       3      0   100%
app/blueprints/main/routes.py        30      0   100%
app/extensions.py                     2      0   100%
app/forms.py                          5      0   100%
app/models/__init__.py                2      0   100%
app/models/url.py                    13      0   100%
app/utils.py                         32      1    97%   80
---------------------------------------------------------------
TOTAL                               127      2    98%
Required test coverage of 80% reached. Total coverage: 98.43%
======================== 26 passed, 1 warning in 1.13s =========================
